c:\sdl\entitygameengine\entitygameengine\debug\vc120.pdb
c:\sdl\entitygameengine\entitygameengine\debug\vc120.idb
c:\sdl\entitygameengine\entitygameengine\debug\component.obj
c:\sdl\entitygameengine\entitygameengine\debug\engine.obj
c:\sdl\entitygameengine\entitygameengine\debug\gameobject.obj
c:\sdl\entitygameengine\entitygameengine\debug\gametimer.obj
c:\sdl\entitygameengine\entitygameengine\debug\healthcomponent.obj
c:\sdl\entitygameengine\entitygameengine\debug\inputhandler.obj
c:\sdl\entitygameengine\entitygameengine\debug\main.obj
c:\sdl\entitygameengine\entitygameengine\debug\physicssystem.obj
c:\sdl\entitygameengine\entitygameengine\debug\renderingcomponent.obj
c:\sdl\entitygameengine\entitygameengine\debug\rendersystem.obj
c:\sdl\entitygameengine\entitygameengine\debug\system.obj
c:\sdl\entitygameengine\entitygameengine\debug\texturemanager.obj
c:\sdl\entitygameengine\entitygameengine\debug\tinystr.obj
c:\sdl\entitygameengine\entitygameengine\debug\tinyxml.obj
c:\sdl\entitygameengine\entitygameengine\debug\tinyxmlerror.obj
c:\sdl\entitygameengine\entitygameengine\debug\tinyxmlparser.obj
c:\sdl\entitygameengine\entitygameengine\debug\transformcomponent.obj
c:\sdl\entitygameengine\entitygameengine\debug\world.obj
c:\sdl\entitygameengine\entitygameengine\debug\xmlparser.obj
c:\sdl\entitygameengine\debug\entitygameengine.ilk
c:\sdl\entitygameengine\debug\entitygameengine.exe
c:\sdl\entitygameengine\debug\entitygameengine.pdb
c:\sdl\entitygameengine\entitygameengine\debug\entitygameengine.tlog\cl.command.1.tlog
c:\sdl\entitygameengine\entitygameengine\debug\entitygameengine.tlog\cl.read.1.tlog
c:\sdl\entitygameengine\entitygameengine\debug\entitygameengine.tlog\cl.write.1.tlog
c:\sdl\entitygameengine\entitygameengine\debug\entitygameengine.tlog\link.command.1.tlog
c:\sdl\entitygameengine\entitygameengine\debug\entitygameengine.tlog\link.read.1.tlog
c:\sdl\entitygameengine\entitygameengine\debug\entitygameengine.tlog\link.write.1.tlog
